


ARM Macro Assembler    Page 1 


    1 00000000                 AREA             ConsoleInput, CODE, READONLY
    2 00000000                 IMPORT           main
    3 00000000                 IMPORT           getkey
    4 00000000                 IMPORT           sendchar
    5 00000000                 EXPORT           start
    6 00000000                 PRESERVE8
    7 00000000         
    8 00000000         start
    9 00000000 E3A04000        LDR              R4, =0
   10 00000004 E3A05000        LDR              R5, =0
   11 00000008 E3A0600A        LDR              R6, =10
   12 0000000C E3A07000        LDR              R7, =0
   13 00000010 E3A08000        LDR              R8, =0
   14 00000014 E3A09000        LDR              R9, =0
   15 00000018 E3A0A000        LDR              R10, =0
   16 0000001C         
   17 0000001C         read
   18 0000001C EBFFFFFE        BL               getkey      ; read key from con
                                                            sole
   19 00000020 E350002B        CMP              R0, #0x2B   ; 
   20 00000024 0A00000A        BEQ              adding
   21 00000028         
   22 00000028 E350002D        CMP              R0, #0x2D   ; 
   23 0000002C 0A000013        BEQ              subtraction
   24 00000030         
   25 00000030 E350002A        CMP              R0, #0x2A   ; 
   26 00000034 0A00001C        BEQ              multiplication
   27 00000038         
   28 00000038 E350002F        CMP              R0, #0x2F   ; 
   29 0000003C 0A000025        BEQ              division
   30 00000040         
   31 00000040 EBFFFFFE        BL               sendchar    ;   echo key back t
                                                            o console
   32 00000044         
   33 00000044 E2407030        SUB              R7,R0,#0x30 ; number = number e
                                                            ntered - 0x30
   34 00000048 E0040496        MUL              R4,R6,R4    ; total = 10 x tota
                                                            l
   35 0000004C E0844007        ADD              R4,R4,R7    ; total = total + n
                                                            umber
   36 00000050         
   37 00000050         ;
   38 00000050 EAFFFFF1        B                read        ; }
   39 00000054         endRead
   40 00000054         
   41 00000054         adding
   42 00000054 EBFFFFFE        BL               sendchar
   43 00000058         adding1
   44 00000058 EBFFFFFE        BL               getkey
   45 0000005C E350000D        CMP              R0, #0x0D
   46 00000060 0A000004        BEQ              endadding
   47 00000064 EBFFFFFE        BL               sendchar
   48 00000068         
   49 00000068 E2408030        SUB              R8,R0,#0x30 ; number = number e
                                                            ntered - 0x30
   50 0000006C E0050596        MUL              R5,R6,R5    ; total = 10 x tota
                                                            l
   51 00000070 E0855008        ADD              R5,R5,R8    ; total = total + n
                                                            umber



ARM Macro Assembler    Page 2 


   52 00000074         
   53 00000074 EAFFFFF7        B                adding1
   54 00000078         endadding
   55 00000078 E0857004        ADD              R7, R5, R4
   56 0000007C EA000024        B                stop
   57 00000080         
   58 00000080         subtraction
   59 00000080 EBFFFFFE        BL               sendchar
   60 00000084         subtraction1
   61 00000084 EBFFFFFE        BL               getkey
   62 00000088 E350000D        CMP              R0, #0x0D
   63 0000008C 0A000004        BEQ              endsubtraction
   64 00000090 EBFFFFFE        BL               sendchar
   65 00000094         
   66 00000094 E2408030        SUB              R8,R0,#0x30 ; number = number e
                                                            ntered - 0x30
   67 00000098 E0050596        MUL              R5,R6,R5    ; total = 10 x tota
                                                            l
   68 0000009C E0855008        ADD              R5,R5,R8    ; total = total + n
                                                            umber
   69 000000A0         
   70 000000A0 EAFFFFF7        B                subtraction1
   71 000000A4         endsubtraction
   72 000000A4 E0447005        SUB              R7, R4, R5
   73 000000A8 EA000019        B                stop
   74 000000AC         
   75 000000AC         multiplication
   76 000000AC EBFFFFFE        BL               sendchar
   77 000000B0         multiplication1
   78 000000B0 EBFFFFFE        BL               getkey
   79 000000B4 E350000D        CMP              R0, #0x0D
   80 000000B8 0A000004        BEQ              endmultiplication
   81 000000BC EBFFFFFE        BL               sendchar
   82 000000C0         
   83 000000C0 E2408030        SUB              R8,R0,#0x30 ; number = number e
                                                            ntered - 0x30
   84 000000C4 E0050596        MUL              R5,R6,R5    ; total = 10 x tota
                                                            l
   85 000000C8 E0855008        ADD              R5,R5,R8    ; total = total + n
                                                            umber
   86 000000CC         
   87 000000CC EAFFFFF7        B                multiplication1
   88 000000D0         endmultiplication
   89 000000D0 E0070495        MUL              R7, R5, R4
   90 000000D4 EA00000E        B                stop
   91 000000D8         
   92 000000D8         division
   93 000000D8 EBFFFFFE        BL               sendchar
   94 000000DC         division1
   95 000000DC EBFFFFFE        BL               getkey
   96 000000E0 E350000D        CMP              R0, #0x0D
   97 000000E4 0A000009        BEQ              enddivision
   98 000000E8 EBFFFFFE        BL               sendchar
   99 000000EC         
  100 000000EC E2408030        SUB              R8,R0,#0x30 ; number = number e
                                                            ntered - 0x30
  101 000000F0 E0050596        MUL              R5,R6,R5    ; total = 10 x tota
                                                            l
  102 000000F4 E0855008        ADD              R5,R5,R8    ; total = total + n



ARM Macro Assembler    Page 3 


                                                            umber
  103 000000F8         while
  104 000000F8 E1540005        CMP              R4,R5
  105 000000FC BA000002        BLT              endwh
  106 00000100 E0444005        SUB              R4,R4,R5
  107 00000104 E28AA001        ADD              R10,R10,#1
  108 00000108 EAFFFFFA        B                while
  109 0000010C         
  110 0000010C         endwh
  111 0000010C E1A09004        MOV              r9,r4
  112 00000110         enddivision
  113 00000110 EAFFFFFF        B                stop
  114 00000114         
  115 00000114         
  116 00000114         
  117 00000114 EAFFFFFE 
                       stop    B                stop
  118 00000118         
  119 00000118                 END
Command Line: --debug --xref --diag_suppress=9931 --apcs=interwork --depend=.\e
xpeval.d -o.\expeval.o -IC:\Keil_v5\ARM\RV31\INC -IC:\Keil_v5\ARM\CMSIS\Include
 -IC:\Keil_v5\ARM\Inc\Philips --predefine="__EVAL SETA 1" --predefine="__MICROL
IB SETA 1" --predefine="__UVISION_VERSION SETA 516" --predefine="NO_CLOCK_SETUP
 SETA 1" --predefine="NO_EMC_SETUP SETA 1" --predefine="RAM_INTVEC SETA 1" --pr
edefine="RAM_MODE SETA 1" --predefine="REMAP SETA 1" --list=.\expeval.lst ExpEv
al.s



ARM Macro Assembler    Page 1 Alphabetic symbol ordering
Relocatable symbols

ConsoleInput 00000000

Symbol: ConsoleInput
   Definitions
      At line 1 in file ExpEval.s
   Uses
      None
Comment: ConsoleInput unused
adding 00000054

Symbol: adding
   Definitions
      At line 41 in file ExpEval.s
   Uses
      At line 20 in file ExpEval.s
Comment: adding used once
adding1 00000058

Symbol: adding1
   Definitions
      At line 43 in file ExpEval.s
   Uses
      At line 53 in file ExpEval.s
Comment: adding1 used once
division 000000D8

Symbol: division
   Definitions
      At line 92 in file ExpEval.s
   Uses
      At line 29 in file ExpEval.s
Comment: division used once
division1 000000DC

Symbol: division1
   Definitions
      At line 94 in file ExpEval.s
   Uses
      None
Comment: division1 unused
endRead 00000054

Symbol: endRead
   Definitions
      At line 39 in file ExpEval.s
   Uses
      None
Comment: endRead unused
endadding 00000078

Symbol: endadding
   Definitions
      At line 54 in file ExpEval.s
   Uses
      At line 46 in file ExpEval.s
Comment: endadding used once
enddivision 00000110

Symbol: enddivision



ARM Macro Assembler    Page 2 Alphabetic symbol ordering
Relocatable symbols

   Definitions
      At line 112 in file ExpEval.s
   Uses
      At line 97 in file ExpEval.s
Comment: enddivision used once
endmultiplication 000000D0

Symbol: endmultiplication
   Definitions
      At line 88 in file ExpEval.s
   Uses
      At line 80 in file ExpEval.s
Comment: endmultiplication used once
endsubtraction 000000A4

Symbol: endsubtraction
   Definitions
      At line 71 in file ExpEval.s
   Uses
      At line 63 in file ExpEval.s
Comment: endsubtraction used once
endwh 0000010C

Symbol: endwh
   Definitions
      At line 110 in file ExpEval.s
   Uses
      At line 105 in file ExpEval.s
Comment: endwh used once
multiplication 000000AC

Symbol: multiplication
   Definitions
      At line 75 in file ExpEval.s
   Uses
      At line 26 in file ExpEval.s
Comment: multiplication used once
multiplication1 000000B0

Symbol: multiplication1
   Definitions
      At line 77 in file ExpEval.s
   Uses
      At line 87 in file ExpEval.s
Comment: multiplication1 used once
read 0000001C

Symbol: read
   Definitions
      At line 17 in file ExpEval.s
   Uses
      At line 38 in file ExpEval.s
Comment: read used once
start 00000000

Symbol: start
   Definitions
      At line 8 in file ExpEval.s
   Uses



ARM Macro Assembler    Page 3 Alphabetic symbol ordering
Relocatable symbols

      At line 5 in file ExpEval.s
Comment: start used once
stop 00000114

Symbol: stop
   Definitions
      At line 117 in file ExpEval.s
   Uses
      At line 56 in file ExpEval.s
      At line 73 in file ExpEval.s
      At line 90 in file ExpEval.s
      At line 113 in file ExpEval.s
      At line 117 in file ExpEval.s

subtraction 00000080

Symbol: subtraction
   Definitions
      At line 58 in file ExpEval.s
   Uses
      At line 23 in file ExpEval.s
Comment: subtraction used once
subtraction1 00000084

Symbol: subtraction1
   Definitions
      At line 60 in file ExpEval.s
   Uses
      At line 70 in file ExpEval.s
Comment: subtraction1 used once
while 000000F8

Symbol: while
   Definitions
      At line 103 in file ExpEval.s
   Uses
      At line 108 in file ExpEval.s
Comment: while used once
19 symbols



ARM Macro Assembler    Page 1 Alphabetic symbol ordering
External symbols

getkey 00000000

Symbol: getkey
   Definitions
      At line 3 in file ExpEval.s
   Uses
      At line 18 in file ExpEval.s
      At line 44 in file ExpEval.s
      At line 61 in file ExpEval.s
      At line 78 in file ExpEval.s
      At line 95 in file ExpEval.s

main 00000000

Symbol: main
   Definitions
      At line 2 in file ExpEval.s
   Uses
      None
Comment: main unused
sendchar 00000000

Symbol: sendchar
   Definitions
      At line 4 in file ExpEval.s
   Uses
      At line 31 in file ExpEval.s
      At line 42 in file ExpEval.s
      At line 47 in file ExpEval.s
      At line 59 in file ExpEval.s
      At line 64 in file ExpEval.s
      At line 76 in file ExpEval.s
      At line 81 in file ExpEval.s
      At line 93 in file ExpEval.s
      At line 98 in file ExpEval.s

3 symbols
360 symbols in table
