


ARM Macro Assembler    Page 1 


    1 00000000                 AREA             Sets, CODE, READONLY
    2 00000000                 IMPORT           main
    3 00000000                 EXPORT           start
    4 00000000         
    5 00000000         start
    6 00000000         SetA
    7 00000000 E3540000        CMP              R4, #0
    8 00000004 0A000010        BEQ              endSetA
    9 00000008 E5916000        LDR              R6, [R1]
   10 0000000C E2811004        ADD              R1, R1, #4
   11 00000010 E2444001        SUB              R4, R4, #1
   12 00000014 E59F2034        LDR              R2, =BElems
   13 00000018 E59F5034        LDR              R5, =BSize
   14 0000001C E5955000        LDR              R5, [R5]
   15 00000020         
   16 00000020         SetB
   17 00000020 E3550000        CMP              R5, #0
   18 00000024 0A000005        BEQ              endSetB
   19 00000028 E5927000        LDR              R7, [R2]
   20 0000002C E2822004        ADD              R2, R2, #4
   21 00000030 E2455001        SUB              R5, R5, #1
   22 00000034 E1560007        CMP              R6, R7
   23 00000038 0AFFFFF0        BEQ              SetA
   24 0000003C EAFFFFF7        b                SetB
   25 00000040         SetC
   26 00000040         
   27 00000040         endSetB
   28 00000040 E5836000        STR              R6, [R3]
   29 00000044 E2833004        ADD              R3, R3, #4
   30 00000048 EAFFFFEC        b                SetA
   31 0000004C         endSetA
   32 0000004C         
   33 0000004C EAFFFFFE 
                       stop    B                stop
   34 00000050         
   35 00000050         
   36 00000050 00000000 
              00000000         AREA             TestData, DATA, READWRITE
   37 00000000         
   38 00000000 00000008 
                       ASize   DCD              8           ; Number of element
                                                            s in A
   39 00000004 00000004 
              00000006 
              00000002 
              0000000D 
              00000013 
              00000007 
              00000001 
              00000003 AElems  DCD              4,6,2,13,19,7,1,3 
                                                            ; Elements of A
   40 00000024         
   41 00000024 00000006 
                       BSize   DCD              6           ; Number of element
                                                            s in B
   42 00000028 0000000D 
              00000009 
              00000001 
              00000009 



ARM Macro Assembler    Page 2 


              00000005 
              00000008 BElems  DCD              13,9,1,9,5,8 ; Elements of B
   43 00000040         
   44 00000040 00000000 
                       CSize   DCD              0           ; Number of element
                                                            s in C
   45 00000044 00 00 00 
              00 00 00 
              00 00 00 
              00 00 00 
              00 00 00 
              00 00 00 
              00 00 00 
              00 00 00 
              00 00 00 
              00 00 00 
              00 00 00 
              00 00 00 
              00 00 00 
              00 00 00 
              00 00 00 
              00 00 00 
              00 00 00 
              00 00 00 
              00 00    CElems  SPACE            56          ; Elements of C
   46 0000007C         
   47 0000007C                 END
Command Line: --debug --xref --apcs=interwork --depend=.\consoleinput.d -o.\con
soleinput.o -IC:\Keil\ARM\RV31\INC -IC:\Keil\ARM\CMSIS\Include -IC:\Keil\ARM\In
c\Philips --predefine="__EVAL SETA 1" --predefine="__MICROLIB SETA 1" --predefi
ne="NO_CLOCK_SETUP SETA 1" --predefine="NO_EMC_SETUP SETA 1" --predefine="RAM_I
NTVEC SETA 1" --predefine="RAM_MODE SETA 1" --predefine="REMAP SETA 1" --list=.
\consoleinput.lst ConsoleInput.s



ARM Macro Assembler    Page 1 Alphabetic symbol ordering
Relocatable symbols

SetA 00000000

Symbol: SetA
   Definitions
      At line 6 in file ConsoleInput.s
   Uses
      At line 23 in file ConsoleInput.s
      At line 30 in file ConsoleInput.s

SetB 00000020

Symbol: SetB
   Definitions
      At line 16 in file ConsoleInput.s
   Uses
      At line 24 in file ConsoleInput.s
Comment: SetB used once
SetC 00000040

Symbol: SetC
   Definitions
      At line 25 in file ConsoleInput.s
   Uses
      None
Comment: SetC unused
Sets 00000000

Symbol: Sets
   Definitions
      At line 1 in file ConsoleInput.s
   Uses
      None
Comment: Sets unused
endSetA 0000004C

Symbol: endSetA
   Definitions
      At line 31 in file ConsoleInput.s
   Uses
      At line 8 in file ConsoleInput.s
Comment: endSetA used once
endSetB 00000040

Symbol: endSetB
   Definitions
      At line 27 in file ConsoleInput.s
   Uses
      At line 18 in file ConsoleInput.s
Comment: endSetB used once
start 00000000

Symbol: start
   Definitions
      At line 5 in file ConsoleInput.s
   Uses
      At line 3 in file ConsoleInput.s
Comment: start used once
stop 0000004C




ARM Macro Assembler    Page 2 Alphabetic symbol ordering
Relocatable symbols

Symbol: stop
   Definitions
      At line 33 in file ConsoleInput.s
   Uses
      At line 33 in file ConsoleInput.s
Comment: stop used once
8 symbols



ARM Macro Assembler    Page 1 Alphabetic symbol ordering
Relocatable symbols

AElems 00000004

Symbol: AElems
   Definitions
      At line 39 in file ConsoleInput.s
   Uses
      None
Comment: AElems unused
ASize 00000000

Symbol: ASize
   Definitions
      At line 38 in file ConsoleInput.s
   Uses
      None
Comment: ASize unused
BElems 00000028

Symbol: BElems
   Definitions
      At line 42 in file ConsoleInput.s
   Uses
      At line 12 in file ConsoleInput.s
Comment: BElems used once
BSize 00000024

Symbol: BSize
   Definitions
      At line 41 in file ConsoleInput.s
   Uses
      At line 13 in file ConsoleInput.s
Comment: BSize used once
CElems 00000044

Symbol: CElems
   Definitions
      At line 45 in file ConsoleInput.s
   Uses
      None
Comment: CElems unused
CSize 00000040

Symbol: CSize
   Definitions
      At line 44 in file ConsoleInput.s
   Uses
      None
Comment: CSize unused
TestData 00000000

Symbol: TestData
   Definitions
      At line 36 in file ConsoleInput.s
   Uses
      None
Comment: TestData unused
7 symbols



ARM Macro Assembler    Page 1 Alphabetic symbol ordering
External symbols

main 00000000

Symbol: main
   Definitions
      At line 2 in file ConsoleInput.s
   Uses
      None
Comment: main unused
1 symbol
355 symbols in table
