


ARM Macro Assembler    Page 1 


    1 00000000                 AREA             ConsoleInput, CODE, READONLY
    2 00000000                 IMPORT           main
    3 00000000                 IMPORT           getkey
    4 00000000                 IMPORT           sendchar
    5 00000000                 EXPORT           start
    6 00000000                 PRESERVE8
    7 00000000         
    8 00000000         start
    9 00000000 E3A04000        LDR              R4, =0
   10 00000004 E3A05000        LDR              R5, =0
   11 00000008 E3A0600A        LDR              R6, =10
   12 0000000C E3A07000        LDR              R7, =0
   13 00000010 E3A08000        LDR              R8, =0
   14 00000014 E3A09000        LDR              R9, =0
   15 00000018 E3A0A000        LDR              R10, =0
   16 0000001C E3A0B000        LDR              R11, =0
   17 00000020 E3A0C001        LDR              R12, =1
   18 00000024         
   19 00000024         read
   20 00000024 EBFFFFFE        BL               getkey      ; read key from con
                                                            sole
   21 00000028 E350002B        CMP              R0, #0x2B   ; 
   22 0000002C 0A00000A        BEQ              adding
   23 00000030         
   24 00000030 E350002D        CMP              R0, #0x2D   ; 
   25 00000034 0A000013        BEQ              subtraction
   26 00000038         
   27 00000038 E350002A        CMP              R0, #0x2A   ; 
   28 0000003C 0A00001C        BEQ              multiplication
   29 00000040         
   30 00000040 E350002F        CMP              R0, #0x2F   ; 
   31 00000044 0A000025        BEQ              division
   32 00000048         
   33 00000048 EBFFFFFE        BL               sendchar    ;   echo key back t
                                                            o console
   34 0000004C         
   35 0000004C E2407030        SUB              R7,R0,#0x30 ; number = number e
                                                            ntered - 0x30
   36 00000050 E0040496        MUL              R4,R6,R4    ; total = 10 x tota
                                                            l
   37 00000054 E0844007        ADD              R4,R4,R7    ; total = total + n
                                                            umber
   38 00000058         
   39 00000058         ;
   40 00000058 EAFFFFF1        B                read        ; }
   41 0000005C         endRead
   42 0000005C         
   43 0000005C         adding
   44 0000005C EBFFFFFE        BL               sendchar
   45 00000060         adding1
   46 00000060 EBFFFFFE        BL               getkey
   47 00000064 E350000D        CMP              R0, #0x0D
   48 00000068 0A000004        BEQ              endadding
   49 0000006C EBFFFFFE        BL               sendchar
   50 00000070         
   51 00000070 E2408030        SUB              R8,R0,#0x30 ; number = number e
                                                            ntered - 0x30
   52 00000074 E0050596        MUL              R5,R6,R5    ; total = 10 x tota
                                                            l



ARM Macro Assembler    Page 2 


   53 00000078 E0855008        ADD              R5,R5,R8    ; total = total + n
                                                            umber
   54 0000007C         
   55 0000007C EAFFFFF7        B                adding1
   56 00000080         endadding
   57 00000080 E085A004        ADD              R10, R5, R4
   58 00000084 EA000024        B                equalsign
   59 00000088         
   60 00000088         subtraction
   61 00000088 EBFFFFFE        BL               sendchar
   62 0000008C         subtraction1
   63 0000008C EBFFFFFE        BL               getkey
   64 00000090 E350000D        CMP              R0, #0x0D
   65 00000094 0A000004        BEQ              endsubtraction
   66 00000098 EBFFFFFE        BL               sendchar
   67 0000009C         
   68 0000009C E2408030        SUB              R8,R0,#0x30 ; number = number e
                                                            ntered - 0x30
   69 000000A0 E0050596        MUL              R5,R6,R5    ; total = 10 x tota
                                                            l
   70 000000A4 E0855008        ADD              R5,R5,R8    ; total = total + n
                                                            umber
   71 000000A8         
   72 000000A8 EAFFFFF7        B                subtraction1
   73 000000AC         endsubtraction
   74 000000AC E044A005        SUB              R10, R4, R5
   75 000000B0 EA000019        B                equalsign
   76 000000B4         
   77 000000B4         multiplication
   78 000000B4 EBFFFFFE        BL               sendchar
   79 000000B8         multiplication1
   80 000000B8 EBFFFFFE        BL               getkey
   81 000000BC E350000D        CMP              R0, #0x0D
   82 000000C0 0A000004        BEQ              endmultiplication
   83 000000C4 EBFFFFFE        BL               sendchar
   84 000000C8         
   85 000000C8 E2408030        SUB              R8,R0,#0x30 ; number = number e
                                                            ntered - 0x30
   86 000000CC E0050596        MUL              R5,R6,R5    ; total = 10 x tota
                                                            l
   87 000000D0 E0855008        ADD              R5,R5,R8    ; total = total + n
                                                            umber
   88 000000D4         
   89 000000D4 EAFFFFF7        B                multiplication1
   90 000000D8         endmultiplication
   91 000000D8 E00A0495        MUL              R10, R5, R4
   92 000000DC EA00000E        B                equalsign
   93 000000E0         
   94 000000E0         division
   95 000000E0 EBFFFFFE        BL               sendchar
   96 000000E4         division1
   97 000000E4 EBFFFFFE        BL               getkey
   98 000000E8 E350000D        CMP              R0, #0x0D
   99 000000EC 0A000009        BEQ              enddivision
  100 000000F0 EBFFFFFE        BL               sendchar
  101 000000F4         
  102 000000F4 E2408030        SUB              R8,R0,#0x30 ; number = number e
                                                            ntered - 0x30
  103 000000F8 E0050596        MUL              R5,R6,R5    ; total = 10 x tota



ARM Macro Assembler    Page 3 


                                                            l
  104 000000FC E0855008        ADD              R5,R5,R8    ; total = total + n
                                                            umber
  105 00000100         while
  106 00000100 E1540005        CMP              R4,R5
  107 00000104 BA000002        BLT              endwh
  108 00000108 E0444005        SUB              R4,R4,R5
  109 0000010C E28AA001        ADD              R10,R10,#1  ; stores it in r10
  110 00000110 EAFFFFFA        B                while
  111 00000114         endwh
  112 00000114 E1A09004        MOV              r9,r4
  113 00000118         enddivision
  114 00000118 EAFFFFFF        B                equalsign
  115 0000011C         
  116 0000011C         
  117 0000011C         equalsign
  118 0000011C E3A00000        LDR              R0, =0
  119 00000120 E280003D        ADD              R0, #0x3D
  120 00000124 EBFFFFFE        BL               sendchar
  121 00000128         
  122 00000128         output
  123 00000128 E3A0300A        LDR              R3, = 10
  124 0000012C E3A04000        LDR              R4, = 0
  125 00000130 E3A0500A        LDR              R5, = 10
  126 00000134 E3A07000        LDR              R7,= 0
  127 00000138 E3A08001        LDR              R8,=1
  128 0000013C E3A09000        LDR              r9,=0
  129 00000140         power
  130 00000140 E153000A        CMP              R3, R10     ; R10 < 10
  131 00000144 CA000003        BGT              storeR7
  132 00000148 E0030395        MUL              R3, R5 , R3
  133 0000014C E2877001        ADD              R7, R7, #1
  134 00000150 EAFFFFFA        B                power
  135 00000154         endpower
  136 00000154 E0477008        SUB              R7, R7, R8
  137 00000158         
  138 00000158         storeR7
  139 00000158 E1A0B007        MOV              R11,R7
  140 0000015C         by10
  141 0000015C E3570000        CMP              R7, #0      ; R7 > 0
  142 00000160 0A000004        BEQ              divide
  143 00000164 E0080895        MUL              R8, R5, R8
  144 00000168 E2477001        SUB              R7, R7, #1
  145 0000016C EAFFFFFA        B                by10
  146 00000170         endby10
  147 00000170         checkR10
  148 00000170 E35A0000        CMP              R10,#0
  149 00000174 0A000012        BEQ              endprint
  150 00000178         divide
  151 00000178 E15A0008        CMP              R10, R8     ; R3 > R8
  152 0000017C BA000002        BLT              print
  153 00000180 E04AA008        SUB              R10, R10, R8
  154 00000184 E2899001        ADD              R9, R9, #1
  155 00000188 EAFFFFFA        b                divide
  156 0000018C         enddivide
  157 0000018C         
  158 0000018C         endoutput
  159 0000018C         
  160 0000018C         print



ARM Macro Assembler    Page 4 


  161 0000018C E2899030        ADD              r9, r9, #0x30
  162 00000190 E1A00009        MOV              R0,R9
  163 00000194 EBFFFFFE        BL               sendchar
  164 00000198 E35A0000        CMP              R10,#0
  165 0000019C 0A000008        BEQ              stop
  166 000001A0         
  167 000001A0         divide2
  168 000001A0 E1580006        CMP              R8, R6
  169 000001A4 BA000002        BLT              mover10
  170 000001A8 E0588006        SUBS             R8, R8, R6
  171 000001AC E2877001        ADD              R7, R7, #1
  172 000001B0 EAFFFFFA        B                divide2
  173 000001B4         enddivide2
  174 000001B4         
  175 000001B4         mover10
  176 000001B4 E1A08007        MOV              R8, R7
  177 000001B8 E3A07000        LDR              R7,=0
  178 000001BC E3A09000        LDR              R9,=0
  179 000001C0 EAFFFFEC        B                divide
  180 000001C4         endprint
  181 000001C4         
  182 000001C4 EAFFFFFE 
                       stop    B                stop
  183 000001C8         
  184 000001C8                 END
Command Line: --debug --xref --diag_suppress=9931 --apcs=interwork --depend=.\d
isplayresult.d -o.\displayresult.o -IC:\Keil_v5\ARM\RV31\INC -IC:\Keil_v5\ARM\C
MSIS\Include -IC:\Keil_v5\ARM\Inc\Philips --predefine="__EVAL SETA 1" --predefi
ne="__MICROLIB SETA 1" --predefine="__UVISION_VERSION SETA 516" --predefine="NO
_CLOCK_SETUP SETA 1" --predefine="NO_EMC_SETUP SETA 1" --predefine="RAM_INTVEC 
SETA 1" --predefine="RAM_MODE SETA 1" --predefine="REMAP SETA 1" --list=.\displ
ayresult.lst DisplayResult.s



ARM Macro Assembler    Page 1 Alphabetic symbol ordering
Relocatable symbols

ConsoleInput 00000000

Symbol: ConsoleInput
   Definitions
      At line 1 in file DisplayResult.s
   Uses
      None
Comment: ConsoleInput unused
adding 0000005C

Symbol: adding
   Definitions
      At line 43 in file DisplayResult.s
   Uses
      At line 22 in file DisplayResult.s
Comment: adding used once
adding1 00000060

Symbol: adding1
   Definitions
      At line 45 in file DisplayResult.s
   Uses
      At line 55 in file DisplayResult.s
Comment: adding1 used once
by10 0000015C

Symbol: by10
   Definitions
      At line 140 in file DisplayResult.s
   Uses
      At line 145 in file DisplayResult.s
Comment: by10 used once
checkR10 00000170

Symbol: checkR10
   Definitions
      At line 147 in file DisplayResult.s
   Uses
      None
Comment: checkR10 unused
divide 00000178

Symbol: divide
   Definitions
      At line 150 in file DisplayResult.s
   Uses
      At line 142 in file DisplayResult.s
      At line 155 in file DisplayResult.s
      At line 179 in file DisplayResult.s

divide2 000001A0

Symbol: divide2
   Definitions
      At line 167 in file DisplayResult.s
   Uses
      At line 172 in file DisplayResult.s
Comment: divide2 used once
division 000000E0



ARM Macro Assembler    Page 2 Alphabetic symbol ordering
Relocatable symbols


Symbol: division
   Definitions
      At line 94 in file DisplayResult.s
   Uses
      At line 31 in file DisplayResult.s
Comment: division used once
division1 000000E4

Symbol: division1
   Definitions
      At line 96 in file DisplayResult.s
   Uses
      None
Comment: division1 unused
endRead 0000005C

Symbol: endRead
   Definitions
      At line 41 in file DisplayResult.s
   Uses
      None
Comment: endRead unused
endadding 00000080

Symbol: endadding
   Definitions
      At line 56 in file DisplayResult.s
   Uses
      At line 48 in file DisplayResult.s
Comment: endadding used once
endby10 00000170

Symbol: endby10
   Definitions
      At line 146 in file DisplayResult.s
   Uses
      None
Comment: endby10 unused
enddivide 0000018C

Symbol: enddivide
   Definitions
      At line 156 in file DisplayResult.s
   Uses
      None
Comment: enddivide unused
enddivide2 000001B4

Symbol: enddivide2
   Definitions
      At line 173 in file DisplayResult.s
   Uses
      None
Comment: enddivide2 unused
enddivision 00000118

Symbol: enddivision
   Definitions



ARM Macro Assembler    Page 3 Alphabetic symbol ordering
Relocatable symbols

      At line 113 in file DisplayResult.s
   Uses
      At line 99 in file DisplayResult.s
Comment: enddivision used once
endmultiplication 000000D8

Symbol: endmultiplication
   Definitions
      At line 90 in file DisplayResult.s
   Uses
      At line 82 in file DisplayResult.s
Comment: endmultiplication used once
endoutput 0000018C

Symbol: endoutput
   Definitions
      At line 158 in file DisplayResult.s
   Uses
      None
Comment: endoutput unused
endpower 00000154

Symbol: endpower
   Definitions
      At line 135 in file DisplayResult.s
   Uses
      None
Comment: endpower unused
endprint 000001C4

Symbol: endprint
   Definitions
      At line 180 in file DisplayResult.s
   Uses
      At line 149 in file DisplayResult.s
Comment: endprint used once
endsubtraction 000000AC

Symbol: endsubtraction
   Definitions
      At line 73 in file DisplayResult.s
   Uses
      At line 65 in file DisplayResult.s
Comment: endsubtraction used once
endwh 00000114

Symbol: endwh
   Definitions
      At line 111 in file DisplayResult.s
   Uses
      At line 107 in file DisplayResult.s
Comment: endwh used once
equalsign 0000011C

Symbol: equalsign
   Definitions
      At line 117 in file DisplayResult.s
   Uses
      At line 58 in file DisplayResult.s



ARM Macro Assembler    Page 4 Alphabetic symbol ordering
Relocatable symbols

      At line 75 in file DisplayResult.s
      At line 92 in file DisplayResult.s
      At line 114 in file DisplayResult.s

mover10 000001B4

Symbol: mover10
   Definitions
      At line 175 in file DisplayResult.s
   Uses
      At line 169 in file DisplayResult.s
Comment: mover10 used once
multiplication 000000B4

Symbol: multiplication
   Definitions
      At line 77 in file DisplayResult.s
   Uses
      At line 28 in file DisplayResult.s
Comment: multiplication used once
multiplication1 000000B8

Symbol: multiplication1
   Definitions
      At line 79 in file DisplayResult.s
   Uses
      At line 89 in file DisplayResult.s
Comment: multiplication1 used once
output 00000128

Symbol: output
   Definitions
      At line 122 in file DisplayResult.s
   Uses
      None
Comment: output unused
power 00000140

Symbol: power
   Definitions
      At line 129 in file DisplayResult.s
   Uses
      At line 134 in file DisplayResult.s
Comment: power used once
print 0000018C

Symbol: print
   Definitions
      At line 160 in file DisplayResult.s
   Uses
      At line 152 in file DisplayResult.s
Comment: print used once
read 00000024

Symbol: read
   Definitions
      At line 19 in file DisplayResult.s
   Uses
      At line 40 in file DisplayResult.s



ARM Macro Assembler    Page 5 Alphabetic symbol ordering
Relocatable symbols

Comment: read used once
start 00000000

Symbol: start
   Definitions
      At line 8 in file DisplayResult.s
   Uses
      At line 5 in file DisplayResult.s
Comment: start used once
stop 000001C4

Symbol: stop
   Definitions
      At line 182 in file DisplayResult.s
   Uses
      At line 165 in file DisplayResult.s
      At line 182 in file DisplayResult.s

storeR7 00000158

Symbol: storeR7
   Definitions
      At line 138 in file DisplayResult.s
   Uses
      At line 131 in file DisplayResult.s
Comment: storeR7 used once
subtraction 00000088

Symbol: subtraction
   Definitions
      At line 60 in file DisplayResult.s
   Uses
      At line 25 in file DisplayResult.s
Comment: subtraction used once
subtraction1 0000008C

Symbol: subtraction1
   Definitions
      At line 62 in file DisplayResult.s
   Uses
      At line 72 in file DisplayResult.s
Comment: subtraction1 used once
while 00000100

Symbol: while
   Definitions
      At line 105 in file DisplayResult.s
   Uses
      At line 110 in file DisplayResult.s
Comment: while used once
35 symbols



ARM Macro Assembler    Page 1 Alphabetic symbol ordering
External symbols

getkey 00000000

Symbol: getkey
   Definitions
      At line 3 in file DisplayResult.s
   Uses
      At line 20 in file DisplayResult.s
      At line 46 in file DisplayResult.s
      At line 63 in file DisplayResult.s
      At line 80 in file DisplayResult.s
      At line 97 in file DisplayResult.s

main 00000000

Symbol: main
   Definitions
      At line 2 in file DisplayResult.s
   Uses
      None
Comment: main unused
sendchar 00000000

Symbol: sendchar
   Definitions
      At line 4 in file DisplayResult.s
   Uses
      At line 33 in file DisplayResult.s
      At line 44 in file DisplayResult.s
      At line 49 in file DisplayResult.s
      At line 61 in file DisplayResult.s
      At line 66 in file DisplayResult.s
      At line 78 in file DisplayResult.s
      At line 83 in file DisplayResult.s
      At line 95 in file DisplayResult.s
      At line 100 in file DisplayResult.s
      At line 120 in file DisplayResult.s
      At line 163 in file DisplayResult.s

3 symbols
376 symbols in table
