


ARM Macro Assembler    Page 1 


    1 00000000                 AREA             Countdown, CODE, READONLY
    2 00000000         
    3 00000000                 IMPORT           main
    4 00000000         
    5 00000000                 EXPORT           start
    6 00000000         
    7 00000000         
    8 00000000         
    9 00000000         start
   10 00000000 E59F1054        LDR              R1, =cdWord ; R1 = memory addre
                                                            ss at cdWord
   11 00000004 E59F2054        LDR              R2, =cdLetters ; R2 = letters =
                                                             memory address at 
                                                            cdLetters
   12 00000008         while                                ;while( Loop == fal
                                                            se)
   13 00000008 E5D13000        LDRB             R3, [R1]    ; tempWordChar = lo
                                                            ad.word
   14 0000000C E5D24000        LDRB             R4, [R2]    ; tempLetterChar = 
                                                            load.letters
   15 00000010 E1530004        CMP              R3, R4
   16 00000014 0A000004        BEQ              found       ; quitLoop = true, 
                                                            letterFound = true
   17 00000018         ; else
   18 00000018 E2822001        ADD              R2, R2, #1
   19 0000001C E5D24000        LDRB             R4, [R2]
   20 00000020 E3540000        CMP              R4, #0
   21 00000024 0A000008        BEQ              notfound    ;  quitLoop = true,
                                                             letterFound = fals
                                                            e
   22 00000028 EAFFFFF6        B                while       ;}
   23 0000002C         found                                ; if(letterFound = 
                                                            true)
   24 0000002C E3A04001        LDR              R4, =1      ;   tempLetterChar 
                                                            = 1  
   25 00000030 E5C24000        STRB             R4, [R2]    ;  tempLetterChar =
                                                             store.letters
   26 00000034 E59F2024        LDR              R2, =cdLetters ;  letters = mem
                                                            ory.adr[cdLetters
   27 00000038 E2811001        ADD              R1, R1, #1  ;  word += 1 
   28 0000003C E5D13000        LDRB             R3, [R1]    ;  tempWordChar = l
                                                            oad.word
   29 00000040 E3530000        CMP              R3, #0      ;  if(tempWordChar 
                                                            == 0)
   30 00000044 0A000002        BEQ              wordComplete ;   wordComplete =
                                                             true
   31 00000048 EAFFFFEE        B                while       ;
   32 0000004C         notfound                             ; else if (NotFound
                                                             = true)
   33 0000004C E3A00000        LDR              R0, = 0     ; wordPossible = 0
   34 00000050 EA000000        B                stop        ; 
   35 00000054         wordComplete                         ; if(wordComplete =
                                                            = true)
   36 00000054 E3A00001        LDR              R0, = 1     ;  wordPossible = 1
                                                            
   37 00000058 EAFFFFFE 
                       stop    B                stop
   38 0000005C         
   39 0000005C 00000000 



ARM Macro Assembler    Page 2 


              00000000 
              00000000         AREA             TestData, DATA, READWRITE
   40 00000000         
   41 00000000         
   42 00000000         
   43 00000000         cdWord
   44 00000000 62 65 65 
              74 73 00         DCB              "beets",0
   45 00000006         cdLetters
   46 00000006 64 61 65 
              74 65 62 
              7A 73 62 
              00               DCB              "daetebzsb",0
   47 00000010                 END
Command Line: --debug --xref --diag_suppress=9931 --apcs=interwork --depend=.\c
ountdown.d -o.\countdown.o -IC:\Keil_v5\ARM\RV31\INC -IC:\Keil_v5\ARM\CMSIS\Inc
lude -IC:\Keil_v5\ARM\Inc\Philips --predefine="__EVAL SETA 1" --predefine="__MI
CROLIB SETA 1" --predefine="__UVISION_VERSION SETA 516" --predefine="NO_CLOCK_S
ETUP SETA 1" --predefine="NO_EMC_SETUP SETA 1" --predefine="RAM_INTVEC SETA 1" 
--predefine="RAM_MODE SETA 1" --predefine="REMAP SETA 1" --list=.\countdown.lst
 Countdown.s



ARM Macro Assembler    Page 1 Alphabetic symbol ordering
Relocatable symbols

Countdown 00000000

Symbol: Countdown
   Definitions
      At line 1 in file Countdown.s
   Uses
      None
Comment: Countdown unused
found 0000002C

Symbol: found
   Definitions
      At line 23 in file Countdown.s
   Uses
      At line 16 in file Countdown.s
Comment: found used once
notfound 0000004C

Symbol: notfound
   Definitions
      At line 32 in file Countdown.s
   Uses
      At line 21 in file Countdown.s
Comment: notfound used once
start 00000000

Symbol: start
   Definitions
      At line 9 in file Countdown.s
   Uses
      At line 5 in file Countdown.s
Comment: start used once
stop 00000058

Symbol: stop
   Definitions
      At line 37 in file Countdown.s
   Uses
      At line 34 in file Countdown.s
      At line 37 in file Countdown.s

while 00000008

Symbol: while
   Definitions
      At line 12 in file Countdown.s
   Uses
      At line 22 in file Countdown.s
      At line 31 in file Countdown.s

wordComplete 00000054

Symbol: wordComplete
   Definitions
      At line 35 in file Countdown.s
   Uses
      At line 30 in file Countdown.s
Comment: wordComplete used once
7 symbols



ARM Macro Assembler    Page 1 Alphabetic symbol ordering
Relocatable symbols

TestData 00000000

Symbol: TestData
   Definitions
      At line 39 in file Countdown.s
   Uses
      None
Comment: TestData unused
cdLetters 00000006

Symbol: cdLetters
   Definitions
      At line 45 in file Countdown.s
   Uses
      At line 11 in file Countdown.s
      At line 26 in file Countdown.s

cdWord 00000000

Symbol: cdWord
   Definitions
      At line 43 in file Countdown.s
   Uses
      At line 10 in file Countdown.s
Comment: cdWord used once
3 symbols



ARM Macro Assembler    Page 1 Alphabetic symbol ordering
External symbols

main 00000000

Symbol: main
   Definitions
      At line 3 in file Countdown.s
   Uses
      None
Comment: main unused
1 symbol
351 symbols in table
