


ARM Macro Assembler    Page 1 


    1 00000000                 AREA             Sets, CODE, READONLY
    2 00000000                 IMPORT           main
    3 00000000                 EXPORT           start
    4 00000000         
    5 00000000         start
    6 00000000 E59F1130        LDR              R1 , =AElems
    7 00000004 E59F2130        LDR              R2 , =BElems
    8 00000008 E59F3130        LDR              R3 , =CElems
    9 0000000C E59F4130        LDR              R4 , =ASize
   10 00000010 E5D44000        LDRB             R4, [R4]
   11 00000014 E59F512C        LDR              R5, =BSize
   12 00000018 E5D55000        LDRB             R5, [R5]
   13 0000001C E5D17000        LDRB             R7, [R1]
   14 00000020 E3A0A000        LDR              R10, = 0
   15 00000024 E3A0B000        LDR              R11, = 0
   16 00000028         WhileA
   17 00000028 E5D28000        LDRB             R8, [R2]
   18 0000002C E1580007        CMP              R8, R7
   19 00000030 0A000005        BEQ              numbersEqual
   20 00000034 E2822004        ADD              R2, R2, #4
   21 00000038 E28AA004        ADD              R10, R10, #4
   22 0000003C E2455001        SUB              R5, R5, #1
   23 00000040 E3550000        CMP              R5, #0
   24 00000044 0A00000A        BEQ              addSetC
   25 00000048 EAFFFFF6        b                WhileA
   26 0000004C         endWhileA
   27 0000004C         numbersEqual
   28 0000004C E042200A        SUB              R2, R2, R10
   29 00000050 E3A0A000        LDR              R10, =0
   30 00000054 E59F50EC        LDR              R5, =BSize
   31 00000058 E5D55000        LDRB             R5, [R5]
   32 0000005C E2811004        ADD              R1, R1 , #4
   33 00000060 E5D17000        LDRB             R7, [R1]
   34 00000064 E2444001        SUB              R4, R4, #1
   35 00000068 E3540000        CMP              R4, #0
   36 0000006C 0A000030        BEQ              stop
   37 00000070 EAFFFFEC        b                WhileA
   38 00000074         endNumbersEqual
   39 00000074         addSetC
   40 00000074 E5C37000        STRB             R7, [R3]
   41 00000078 E2833004        ADD              R3, R3, #4
   42 0000007C E042200A        SUB              R2, R2, R10
   43 00000080 E3A0A000        LDR              R10, =0
   44 00000084 E59F50BC        LDR              R5, =BSize
   45 00000088 E5D55000        LDRB             R5, [R5]
   46 0000008C E2811004        ADD              R1, R1 ,#4
   47 00000090 E5D17000        LDRB             R7, [R1]
   48 00000094 E2444001        SUB              R4, R4, #1
   49 00000098 E3540000        CMP              R4, #0
   50 0000009C 0A000024        BEQ              stop
   51 000000A0 E59FB09C        LDR              R11, =ASize
   52 000000A4 E5DBB000        LDRB             R11, [R11]
   53 000000A8 EAFFFFDE        b                WhileA
   54 000000AC         endSetC
   55 000000AC         WhileB
   56 000000AC E5D19000        LDRB             R9, [R1]
   57 000000B0 E5D27000        LDRB             R7, [R2]
   58 000000B4 E1590007        CMP              R9, R7
   59 000000B8 0A000005        BEQ              numbersEqual2



ARM Macro Assembler    Page 2 


   60 000000BC E2811004        ADD              R1, R1, #4
   61 000000C0 E28AA004        ADD              R10, R10, #4
   62 000000C4 E2444001        SUB              R4, R4, #1
   63 000000C8 E3550000        CMP              R5, #0
   64 000000CC 0AFFFFE8        BEQ              addSetC
   65 000000D0 EAFFFFF5        b                WhileB
   66 000000D4         endWhileB
   67 000000D4         numbersEqual2
   68 000000D4 E042200A        SUB              R2, R2, R10
   69 000000D8 E3A0A000        LDR              R10, =0
   70 000000DC E59F5060        LDR              R5, =ASize
   71 000000E0 E5D55000        LDRB             R5, [R5]
   72 000000E4 E2811004        ADD              R1, R1 , #4
   73 000000E8 E5D27000        LDRB             R7, [R2]
   74 000000EC E2444001        SUB              R4, R4, #1
   75 000000F0 E3540000        CMP              R4, #0
   76 000000F4 0A00000E        BEQ              stop
   77 000000F8 EAFFFFEB        b                WhileB
   78 000000FC         endNumbersEqual2
   79 000000FC         addSetC2
   80 000000FC E5C37000        STRB             R7, [R3]
   81 00000100 E2833004        ADD              R3, R3, #4
   82 00000104 E041100A        SUB              R1, R1, R10
   83 00000108 E3A0A000        LDR              R10, =0
   84 0000010C E59F5034        LDR              R5, =BSize
   85 00000110 E5D55000        LDRB             R5, [R5]
   86 00000114 E2822004        ADD              R2, R2 ,#4
   87 00000118 E5D17000        LDRB             R7, [R1]
   88 0000011C E2444001        SUB              R4, R4, #1
   89 00000120 E3540000        CMP              R4, #0
   90 00000124 0A000002        BEQ              stop
   91 00000128 E59FB018        LDR              R11, =BSize
   92 0000012C E5DBB000        LDRB             R11, [R11]
   93 00000130 EAFFFFDD        b                WhileB
   94 00000134 EAFFFFFE 
                       stop    B                stop
   95 00000138 00000000 
              00000000 
              00000000 
              00000000 
              00000000 
              00000000 
              00000000 
              00000000 
              00000000 
              00000000 
              00000000         AREA             TestData, DATA, READWRITE
   96 00000000 00000008 
                       ASize   DCD              8           ; Number of element
                                                            s in A
   97 00000004 00000004 
              00000006 
              00000002 
              0000000D 
              00000013 
              00000007 
              00000001 
              00000003 AElems  DCD              4,6,2,13,19,7,1,3 
                                                            ; Elements of A



ARM Macro Assembler    Page 3 


   98 00000024         
   99 00000024 00000006 
                       BSize   DCD              6           ; Number of element
                                                            s in B
  100 00000028 0000000D 
              00000009 
              00000001 
              00000009 
              00000005 
              00000008 BElems  DCD              13,9,1,9,5,8 ; Elements of B
  101 00000040         
  102 00000040 00000000 
                       CSize   DCD              0           ; Number of element
                                                            s in C
  103 00000044 00 00 00 
              00 00 00 
              00 00 00 
              00 00 00 
              00 00 00 
              00 00 00 
              00 00 00 
              00 00 00 
              00 00 00 
              00 00 00 
              00 00 00 
              00 00 00 
              00 00 00 
              00 00 00 
              00 00 00 
              00 00 00 
              00 00 00 
              00 00 00 
              00 00    CElems  SPACE            56          ; Elements of C
  104 0000007C                 END
Command Line: --debug --xref --diag_suppress=9931 --apcs=interwork --depend=.\s
ets.d -o.\sets.o -IC:\Keil_v5\ARM\RV31\INC -IC:\Keil_v5\ARM\CMSIS\Include -IC:\
Keil_v5\ARM\Inc\Philips --predefine="__EVAL SETA 1" --predefine="__MICROLIB SET
A 1" --predefine="__UVISION_VERSION SETA 516" --predefine="NO_CLOCK_SETUP SETA 
1" --predefine="NO_EMC_SETUP SETA 1" --predefine="RAM_INTVEC SETA 1" --predefin
e="RAM_MODE SETA 1" --predefine="REMAP SETA 1" --list=.\sets.lst Sets.s



ARM Macro Assembler    Page 1 Alphabetic symbol ordering
Relocatable symbols

Sets 00000000

Symbol: Sets
   Definitions
      At line 1 in file Sets.s
   Uses
      None
Comment: Sets unused
WhileA 00000028

Symbol: WhileA
   Definitions
      At line 16 in file Sets.s
   Uses
      At line 25 in file Sets.s
      At line 37 in file Sets.s
      At line 53 in file Sets.s

WhileB 000000AC

Symbol: WhileB
   Definitions
      At line 55 in file Sets.s
   Uses
      At line 65 in file Sets.s
      At line 77 in file Sets.s
      At line 93 in file Sets.s

addSetC 00000074

Symbol: addSetC
   Definitions
      At line 39 in file Sets.s
   Uses
      At line 24 in file Sets.s
      At line 64 in file Sets.s

addSetC2 000000FC

Symbol: addSetC2
   Definitions
      At line 79 in file Sets.s
   Uses
      None
Comment: addSetC2 unused
endNumbersEqual 00000074

Symbol: endNumbersEqual
   Definitions
      At line 38 in file Sets.s
   Uses
      None
Comment: endNumbersEqual unused
endNumbersEqual2 000000FC

Symbol: endNumbersEqual2
   Definitions
      At line 78 in file Sets.s
   Uses



ARM Macro Assembler    Page 2 Alphabetic symbol ordering
Relocatable symbols

      None
Comment: endNumbersEqual2 unused
endSetC 000000AC

Symbol: endSetC
   Definitions
      At line 54 in file Sets.s
   Uses
      None
Comment: endSetC unused
endWhileA 0000004C

Symbol: endWhileA
   Definitions
      At line 26 in file Sets.s
   Uses
      None
Comment: endWhileA unused
endWhileB 000000D4

Symbol: endWhileB
   Definitions
      At line 66 in file Sets.s
   Uses
      None
Comment: endWhileB unused
numbersEqual 0000004C

Symbol: numbersEqual
   Definitions
      At line 27 in file Sets.s
   Uses
      At line 19 in file Sets.s
Comment: numbersEqual used once
numbersEqual2 000000D4

Symbol: numbersEqual2
   Definitions
      At line 67 in file Sets.s
   Uses
      At line 59 in file Sets.s
Comment: numbersEqual2 used once
start 00000000

Symbol: start
   Definitions
      At line 5 in file Sets.s
   Uses
      At line 3 in file Sets.s
Comment: start used once
stop 00000134

Symbol: stop
   Definitions
      At line 94 in file Sets.s
   Uses
      At line 36 in file Sets.s
      At line 50 in file Sets.s
      At line 76 in file Sets.s



ARM Macro Assembler    Page 3 Alphabetic symbol ordering
Relocatable symbols

      At line 90 in file Sets.s
      At line 94 in file Sets.s

14 symbols



ARM Macro Assembler    Page 1 Alphabetic symbol ordering
Relocatable symbols

AElems 00000004

Symbol: AElems
   Definitions
      At line 97 in file Sets.s
   Uses
      At line 6 in file Sets.s
Comment: AElems used once
ASize 00000000

Symbol: ASize
   Definitions
      At line 96 in file Sets.s
   Uses
      At line 9 in file Sets.s
      At line 51 in file Sets.s
      At line 70 in file Sets.s

BElems 00000028

Symbol: BElems
   Definitions
      At line 100 in file Sets.s
   Uses
      At line 7 in file Sets.s
Comment: BElems used once
BSize 00000024

Symbol: BSize
   Definitions
      At line 99 in file Sets.s
   Uses
      At line 11 in file Sets.s
      At line 30 in file Sets.s
      At line 44 in file Sets.s
      At line 84 in file Sets.s
      At line 91 in file Sets.s

CElems 00000044

Symbol: CElems
   Definitions
      At line 103 in file Sets.s
   Uses
      At line 8 in file Sets.s
Comment: CElems used once
CSize 00000040

Symbol: CSize
   Definitions
      At line 102 in file Sets.s
   Uses
      None
Comment: CSize unused
TestData 00000000

Symbol: TestData
   Definitions
      At line 95 in file Sets.s



ARM Macro Assembler    Page 2 Alphabetic symbol ordering
Relocatable symbols

   Uses
      None
Comment: TestData unused
7 symbols



ARM Macro Assembler    Page 1 Alphabetic symbol ordering
External symbols

main 00000000

Symbol: main
   Definitions
      At line 2 in file Sets.s
   Uses
      None
Comment: main unused
1 symbol
362 symbols in table
